2021-04-12 14:57:38.064  INFO 17824 --- [restartedMain] b.c.a.c.CadpessoasAlenApplication        : Starting CadpessoasAlenApplication using Java 1.8.0_261 on DESKTOP-IHGTL6A with PID 17824 (C:\Users\bruno\OneDrive\Área de Trabalho\cadpessoas_alen\cadpessoas_alen\target\classes started by bruno in C:\Users\bruno\OneDrive\Área de Trabalho\cadpessoas_alen\cadpessoas_alen)
2021-04-12 14:57:38.066  INFO 17824 --- [restartedMain] b.c.a.c.CadpessoasAlenApplication        : No active profile set, falling back to default profiles: default
2021-04-12 14:57:38.117  INFO 17824 --- [restartedMain] .e.DevToolsPropertyDefaultsPostProcessor : Devtools property defaults active! Set 'spring.devtools.add-properties' to 'false' to disable
2021-04-12 14:57:38.118  INFO 17824 --- [restartedMain] .e.DevToolsPropertyDefaultsPostProcessor : For additional web related logging consider setting the 'logging.level.web' property to 'DEBUG'
2021-04-12 14:57:38.731  INFO 17824 --- [restartedMain] .s.d.r.c.RepositoryConfigurationDelegate : Multiple Spring Data modules found, entering strict repository configuration mode!
2021-04-12 14:57:38.733  INFO 17824 --- [restartedMain] .s.d.r.c.RepositoryConfigurationDelegate : Bootstrapping Spring Data JDBC repositories in DEFAULT mode.
2021-04-12 14:57:38.743  INFO 17824 --- [restartedMain] .s.d.r.c.RepositoryConfigurationDelegate : Finished Spring Data repository scanning in 7 ms. Found 0 JDBC repository interfaces.
2021-04-12 14:57:38.752  INFO 17824 --- [restartedMain] .s.d.r.c.RepositoryConfigurationDelegate : Multiple Spring Data modules found, entering strict repository configuration mode!
2021-04-12 14:57:38.753  INFO 17824 --- [restartedMain] .s.d.r.c.RepositoryConfigurationDelegate : Bootstrapping Spring Data JPA repositories in DEFAULT mode.
2021-04-12 14:57:38.760  INFO 17824 --- [restartedMain] .s.d.r.c.RepositoryConfigurationDelegate : Finished Spring Data repository scanning in 2 ms. Found 0 JPA repository interfaces.
2021-04-12 14:57:39.326  INFO 17824 --- [restartedMain] o.s.b.w.embedded.tomcat.TomcatWebServer  : Tomcat initialized with port(s): 8080 (http)
2021-04-12 14:57:39.337  INFO 17824 --- [restartedMain] o.apache.catalina.core.StandardService   : Starting service [Tomcat]
2021-04-12 14:57:39.337  INFO 17824 --- [restartedMain] org.apache.catalina.core.StandardEngine  : Starting Servlet engine: [Apache Tomcat/9.0.44]
2021-04-12 14:57:39.510  INFO 17824 --- [restartedMain] o.a.c.c.C.[Tomcat].[localhost].[/]       : Initializing Spring embedded WebApplicationContext
2021-04-12 14:57:39.511  INFO 17824 --- [restartedMain] w.s.c.ServletWebServerApplicationContext : Root WebApplicationContext: initialization completed in 1392 ms
2021-04-12 14:57:39.555  INFO 17824 --- [restartedMain] com.zaxxer.hikari.HikariDataSource       : HikariPool-1 - Starting...
2021-04-12 14:57:39.834  INFO 17824 --- [restartedMain] com.zaxxer.hikari.HikariDataSource       : HikariPool-1 - Start completed.
2021-04-12 14:57:39.842  INFO 17824 --- [restartedMain] o.s.b.a.h2.H2ConsoleAutoConfiguration    : H2 console available at '/h2-console'. Database available at 'jdbc:h2:mem:cadpessoas'
2021-04-12 14:57:40.939  INFO 17824 --- [restartedMain] j.LocalContainerEntityManagerFactoryBean : Initialized JPA EntityManagerFactory for persistence unit 'default'
2021-04-12 14:57:40.970  INFO 17824 --- [restartedMain] o.s.b.d.a.OptionalLiveReloadServer       : LiveReload server is running on port 35729
2021-04-12 14:57:40.973  WARN 17824 --- [restartedMain] ConfigServletWebServerApplicationContext : Exception encountered during context initialization - cancelling refresh attempt: org.springframework.beans.factory.BeanCreationException: Error creating bean with name 'pessoaController': Lookup method resolution failed; nested exception is java.lang.IllegalStateException: Failed to introspect Class [br.com.allen.cadpessoas.controllers.PessoaController] from ClassLoader [org.springframework.boot.devtools.restart.classloader.RestartClassLoader@5b60cd72]
2021-04-12 14:57:40.974  INFO 17824 --- [restartedMain] j.LocalContainerEntityManagerFactoryBean : Closing JPA EntityManagerFactory for persistence unit 'default'
2021-04-12 14:57:41.191  WARN 17824 --- [restartedMain] o.s.b.f.support.DisposableBeanAdapter    : Invocation of destroy method failed on bean with name 'inMemoryDatabaseShutdownExecutor': org.h2.jdbc.JdbcSQLNonTransientConnectionException: Database is already closed (to disable automatic closing at VM shutdown, add ";DB_CLOSE_ON_EXIT=FALSE" to the db URL) [90121-200]
2021-04-12 14:57:41.191  INFO 17824 --- [restartedMain] com.zaxxer.hikari.HikariDataSource       : HikariPool-1 - Shutdown initiated...
2021-04-12 14:57:41.193  INFO 17824 --- [restartedMain] com.zaxxer.hikari.HikariDataSource       : HikariPool-1 - Shutdown completed.
2021-04-12 14:57:41.194  INFO 17824 --- [restartedMain] o.apache.catalina.core.StandardService   : Stopping service [Tomcat]
2021-04-12 14:57:41.207  INFO 17824 --- [restartedMain] ConditionEvaluationReportLoggingListener : 

Error starting ApplicationContext. To display the conditions report re-run your application with 'debug' enabled.
2021-04-12 14:57:41.229 ERROR 17824 --- [restartedMain] o.s.boot.SpringApplication               : Application run failed

org.springframework.beans.factory.BeanCreationException: Error creating bean with name 'pessoaController': Lookup method resolution failed; nested exception is java.lang.IllegalStateException: Failed to introspect Class [br.com.allen.cadpessoas.controllers.PessoaController] from ClassLoader [org.springframework.boot.devtools.restart.classloader.RestartClassLoader@5b60cd72]
	at org.springframework.beans.factory.annotation.AutowiredAnnotationBeanPostProcessor.determineCandidateConstructors(AutowiredAnnotationBeanPostProcessor.java:289) ~[spring-beans-5.3.5.jar:5.3.5]
	at org.springframework.beans.factory.support.AbstractAutowireCapableBeanFactory.determineConstructorsFromBeanPostProcessors(AbstractAutowireCapableBeanFactory.java:1284) ~[spring-beans-5.3.5.jar:5.3.5]
	at org.springframework.beans.factory.support.AbstractAutowireCapableBeanFactory.createBeanInstance(AbstractAutowireCapableBeanFactory.java:1201) ~[spring-beans-5.3.5.jar:5.3.5]
	at org.springframework.beans.factory.support.AbstractAutowireCapableBeanFactory.doCreateBean(AbstractAutowireCapableBeanFactory.java:564) ~[spring-beans-5.3.5.jar:5.3.5]
	at org.springframework.beans.factory.support.AbstractAutowireCapableBeanFactory.createBean(AbstractAutowireCapableBeanFactory.java:524) ~[spring-beans-5.3.5.jar:5.3.5]
	at org.springframework.beans.factory.support.AbstractBeanFactory.lambda$doGetBean$0(AbstractBeanFactory.java:335) ~[spring-beans-5.3.5.jar:5.3.5]
	at org.springframework.beans.factory.support.DefaultSingletonBeanRegistry.getSingleton(DefaultSingletonBeanRegistry.java:234) ~[spring-beans-5.3.5.jar:5.3.5]
	at org.springframework.beans.factory.support.AbstractBeanFactory.doGetBean(AbstractBeanFactory.java:333) ~[spring-beans-5.3.5.jar:5.3.5]
	at org.springframework.beans.factory.support.AbstractBeanFactory.getBean(AbstractBeanFactory.java:208) ~[spring-beans-5.3.5.jar:5.3.5]
	at org.springframework.beans.factory.support.DefaultListableBeanFactory.preInstantiateSingletons(DefaultListableBeanFactory.java:944) ~[spring-beans-5.3.5.jar:5.3.5]
	at org.springframework.context.support.AbstractApplicationContext.finishBeanFactoryInitialization(AbstractApplicationContext.java:918) ~[spring-context-5.3.5.jar:5.3.5]
	at org.springframework.context.support.AbstractApplicationContext.refresh(AbstractApplicationContext.java:583) ~[spring-context-5.3.5.jar:5.3.5]
	at org.springframework.boot.web.servlet.context.ServletWebServerApplicationContext.refresh(ServletWebServerApplicationContext.java:144) ~[spring-boot-2.4.4.jar:2.4.4]
	at org.springframework.boot.SpringApplication.refresh(SpringApplication.java:769) [spring-boot-2.4.4.jar:2.4.4]
	at org.springframework.boot.SpringApplication.refresh(SpringApplication.java:761) [spring-boot-2.4.4.jar:2.4.4]
	at org.springframework.boot.SpringApplication.refreshContext(SpringApplication.java:426) [spring-boot-2.4.4.jar:2.4.4]
	at org.springframework.boot.SpringApplication.run(SpringApplication.java:326) [spring-boot-2.4.4.jar:2.4.4]
	at org.springframework.boot.SpringApplication.run(SpringApplication.java:1313) [spring-boot-2.4.4.jar:2.4.4]
	at org.springframework.boot.SpringApplication.run(SpringApplication.java:1302) [spring-boot-2.4.4.jar:2.4.4]
	at br.com.allen.cadpessoas.CadpessoasAlenApplication.main(CadpessoasAlenApplication.java:10) [classes/:na]
	at sun.reflect.NativeMethodAccessorImpl.invoke0(Native Method) ~[na:1.8.0_261]
	at sun.reflect.NativeMethodAccessorImpl.invoke(Unknown Source) ~[na:1.8.0_261]
	at sun.reflect.DelegatingMethodAccessorImpl.invoke(Unknown Source) ~[na:1.8.0_261]
	at java.lang.reflect.Method.invoke(Unknown Source) ~[na:1.8.0_261]
	at org.springframework.boot.devtools.restart.RestartLauncher.run(RestartLauncher.java:49) [spring-boot-devtools-2.4.4.jar:2.4.4]
Caused by: java.lang.IllegalStateException: Failed to introspect Class [br.com.allen.cadpessoas.controllers.PessoaController] from ClassLoader [org.springframework.boot.devtools.restart.classloader.RestartClassLoader@5b60cd72]
	at org.springframework.util.ReflectionUtils.getDeclaredMethods(ReflectionUtils.java:481) ~[spring-core-5.3.5.jar:5.3.5]
	at org.springframework.util.ReflectionUtils.doWithLocalMethods(ReflectionUtils.java:321) ~[spring-core-5.3.5.jar:5.3.5]
	at org.springframework.beans.factory.annotation.AutowiredAnnotationBeanPostProcessor.determineCandidateConstructors(AutowiredAnnotationBeanPostProcessor.java:267) ~[spring-beans-5.3.5.jar:5.3.5]
	... 24 common frames omitted
Caused by: java.lang.NoClassDefFoundError: Pessoa
	at java.lang.Class.getDeclaredMethods0(Native Method) ~[na:1.8.0_261]
	at java.lang.Class.privateGetDeclaredMethods(Unknown Source) ~[na:1.8.0_261]
	at java.lang.Class.getDeclaredMethods(Unknown Source) ~[na:1.8.0_261]
	at org.springframework.util.ReflectionUtils.getDeclaredMethods(ReflectionUtils.java:463) ~[spring-core-5.3.5.jar:5.3.5]
	... 26 common frames omitted
Caused by: java.lang.ClassNotFoundException: Pessoa
	at java.net.URLClassLoader.findClass(Unknown Source) ~[na:1.8.0_261]
	at java.lang.ClassLoader.loadClass(Unknown Source) ~[na:1.8.0_261]
	at sun.misc.Launcher$AppClassLoader.loadClass(Unknown Source) ~[na:1.8.0_261]
	at java.lang.ClassLoader.loadClass(Unknown Source) ~[na:1.8.0_261]
	at java.lang.Class.forName0(Native Method) ~[na:1.8.0_261]
	at java.lang.Class.forName(Unknown Source) ~[na:1.8.0_261]
	at org.springframework.boot.devtools.restart.classloader.RestartClassLoader.loadClass(RestartClassLoader.java:145) ~[spring-boot-devtools-2.4.4.jar:2.4.4]
	at java.lang.ClassLoader.loadClass(Unknown Source) ~[na:1.8.0_261]
	... 30 common frames omitted

2021-04-12 14:59:14.971  INFO 8660 --- [restartedMain] b.c.a.c.CadpessoasAlenApplication        : Starting CadpessoasAlenApplication using Java 1.8.0_261 on DESKTOP-IHGTL6A with PID 8660 (C:\Users\bruno\OneDrive\Área de Trabalho\cadpessoas_alen\cadpessoas_alen\target\classes started by bruno in C:\Users\bruno\OneDrive\Área de Trabalho\cadpessoas_alen\cadpessoas_alen)
2021-04-12 14:59:14.973  INFO 8660 --- [restartedMain] b.c.a.c.CadpessoasAlenApplication        : No active profile set, falling back to default profiles: default
2021-04-12 14:59:15.023  INFO 8660 --- [restartedMain] .e.DevToolsPropertyDefaultsPostProcessor : Devtools property defaults active! Set 'spring.devtools.add-properties' to 'false' to disable
2021-04-12 14:59:15.024  INFO 8660 --- [restartedMain] .e.DevToolsPropertyDefaultsPostProcessor : For additional web related logging consider setting the 'logging.level.web' property to 'DEBUG'
2021-04-12 14:59:15.596  INFO 8660 --- [restartedMain] .s.d.r.c.RepositoryConfigurationDelegate : Multiple Spring Data modules found, entering strict repository configuration mode!
2021-04-12 14:59:15.598  INFO 8660 --- [restartedMain] .s.d.r.c.RepositoryConfigurationDelegate : Bootstrapping Spring Data JDBC repositories in DEFAULT mode.
2021-04-12 14:59:15.624  INFO 8660 --- [restartedMain] .RepositoryConfigurationExtensionSupport : Spring Data JDBC - Could not safely identify store assignment for repository candidate interface br.com.allen.cadpessoas.repositories.PessoaRepository. If you want this repository to be a JDBC repository, consider annotating your entities with one of these annotations: org.springframework.data.relational.core.mapping.Table.
2021-04-12 14:59:15.625  INFO 8660 --- [restartedMain] .s.d.r.c.RepositoryConfigurationDelegate : Finished Spring Data repository scanning in 24 ms. Found 0 JDBC repository interfaces.
2021-04-12 14:59:15.633  INFO 8660 --- [restartedMain] .s.d.r.c.RepositoryConfigurationDelegate : Multiple Spring Data modules found, entering strict repository configuration mode!
2021-04-12 14:59:15.635  INFO 8660 --- [restartedMain] .s.d.r.c.RepositoryConfigurationDelegate : Bootstrapping Spring Data JPA repositories in DEFAULT mode.
2021-04-12 14:59:15.662  INFO 8660 --- [restartedMain] .s.d.r.c.RepositoryConfigurationDelegate : Finished Spring Data repository scanning in 22 ms. Found 1 JPA repository interfaces.
2021-04-12 14:59:16.239  INFO 8660 --- [restartedMain] o.s.b.w.embedded.tomcat.TomcatWebServer  : Tomcat initialized with port(s): 8080 (http)
2021-04-12 14:59:16.249  INFO 8660 --- [restartedMain] o.apache.catalina.core.StandardService   : Starting service [Tomcat]
2021-04-12 14:59:16.250  INFO 8660 --- [restartedMain] org.apache.catalina.core.StandardEngine  : Starting Servlet engine: [Apache Tomcat/9.0.44]
2021-04-12 14:59:16.484  INFO 8660 --- [restartedMain] o.a.c.c.C.[Tomcat].[localhost].[/]       : Initializing Spring embedded WebApplicationContext
2021-04-12 14:59:16.484  INFO 8660 --- [restartedMain] w.s.c.ServletWebServerApplicationContext : Root WebApplicationContext: initialization completed in 1460 ms
2021-04-12 14:59:16.526  INFO 8660 --- [restartedMain] com.zaxxer.hikari.HikariDataSource       : HikariPool-1 - Starting...
2021-04-12 14:59:16.707  INFO 8660 --- [restartedMain] com.zaxxer.hikari.HikariDataSource       : HikariPool-1 - Start completed.
2021-04-12 14:59:16.751  INFO 8660 --- [restartedMain] o.s.b.a.h2.H2ConsoleAutoConfiguration    : H2 console available at '/h2-console'. Database available at 'jdbc:h2:mem:cadpessoas'
2021-04-12 14:59:17.800  INFO 8660 --- [restartedMain] j.LocalContainerEntityManagerFactoryBean : Initialized JPA EntityManagerFactory for persistence unit 'default'
2021-04-12 14:59:17.832  INFO 8660 --- [restartedMain] o.s.b.d.a.OptionalLiveReloadServer       : LiveReload server is running on port 35729
2021-04-12 14:59:18.213  INFO 8660 --- [restartedMain] o.s.s.concurrent.ThreadPoolTaskExecutor  : Initializing ExecutorService 'applicationTaskExecutor'
2021-04-12 14:59:18.306  INFO 8660 --- [restartedMain] o.s.b.a.w.s.WelcomePageHandlerMapping    : Adding welcome page template: index
2021-04-12 14:59:18.604  INFO 8660 --- [restartedMain] o.s.b.w.embedded.tomcat.TomcatWebServer  : Tomcat started on port(s): 8080 (http) with context path ''
2021-04-12 14:59:18.613  INFO 8660 --- [restartedMain] b.c.a.c.CadpessoasAlenApplication        : Started CadpessoasAlenApplication in 4.006 seconds (JVM running for 4.846)
2021-04-12 14:59:26.130  INFO 8660 --- [http-nio-8080-exec-2] o.a.c.c.C.[Tomcat].[localhost].[/]       : Initializing Spring DispatcherServlet 'dispatcherServlet'
2021-04-12 14:59:26.130  INFO 8660 --- [http-nio-8080-exec-2] o.s.web.servlet.DispatcherServlet        : Initializing Servlet 'dispatcherServlet'
2021-04-12 14:59:26.131  INFO 8660 --- [http-nio-8080-exec-2] o.s.web.servlet.DispatcherServlet        : Completed initialization in 1 ms
2021-04-12 15:00:08.853  INFO 8660 --- [RMI TCP Connection(9)-127.0.0.1] inMXBeanRegistrar$SpringApplicationAdmin : Application shutdown requested.
2021-04-12 15:00:09.063  INFO 8660 --- [RMI TCP Connection(9)-127.0.0.1] o.s.s.concurrent.ThreadPoolTaskExecutor  : Shutting down ExecutorService 'applicationTaskExecutor'
2021-04-12 15:00:09.064  INFO 8660 --- [RMI TCP Connection(9)-127.0.0.1] j.LocalContainerEntityManagerFactoryBean : Closing JPA EntityManagerFactory for persistence unit 'default'
2021-04-12 15:00:09.286  WARN 8660 --- [RMI TCP Connection(9)-127.0.0.1] o.s.b.f.support.DisposableBeanAdapter    : Invocation of destroy method failed on bean with name 'inMemoryDatabaseShutdownExecutor': org.h2.jdbc.JdbcSQLNonTransientConnectionException: Database is already closed (to disable automatic closing at VM shutdown, add ";DB_CLOSE_ON_EXIT=FALSE" to the db URL) [90121-200]
2021-04-12 15:00:09.287  INFO 8660 --- [RMI TCP Connection(9)-127.0.0.1] com.zaxxer.hikari.HikariDataSource       : HikariPool-1 - Shutdown initiated...
2021-04-12 15:00:09.290  INFO 8660 --- [RMI TCP Connection(9)-127.0.0.1] com.zaxxer.hikari.HikariDataSource       : HikariPool-1 - Shutdown completed.
2021-04-12 15:02:30.398  INFO 13632 --- [restartedMain] b.c.a.c.CadpessoasAlenApplication        : Starting CadpessoasAlenApplication using Java 1.8.0_261 on DESKTOP-IHGTL6A with PID 13632 (C:\repo_git\pweb_2020.2_allenBruno\projetoPweb-2020.2\cadpessoas_alen\target\classes started by bruno in C:\repo_git\pweb_2020.2_allenBruno\projetoPweb-2020.2\cadpessoas_alen)
2021-04-12 15:02:30.401  INFO 13632 --- [restartedMain] b.c.a.c.CadpessoasAlenApplication        : No active profile set, falling back to default profiles: default
2021-04-12 15:02:30.451  INFO 13632 --- [restartedMain] .e.DevToolsPropertyDefaultsPostProcessor : Devtools property defaults active! Set 'spring.devtools.add-properties' to 'false' to disable
2021-04-12 15:02:30.451  INFO 13632 --- [restartedMain] .e.DevToolsPropertyDefaultsPostProcessor : For additional web related logging consider setting the 'logging.level.web' property to 'DEBUG'
2021-04-12 15:02:31.032  INFO 13632 --- [restartedMain] .s.d.r.c.RepositoryConfigurationDelegate : Multiple Spring Data modules found, entering strict repository configuration mode!
2021-04-12 15:02:31.034  INFO 13632 --- [restartedMain] .s.d.r.c.RepositoryConfigurationDelegate : Bootstrapping Spring Data JDBC repositories in DEFAULT mode.
2021-04-12 15:02:31.061  INFO 13632 --- [restartedMain] .RepositoryConfigurationExtensionSupport : Spring Data JDBC - Could not safely identify store assignment for repository candidate interface br.com.allen.cadpessoas.repositories.PessoaRepository. If you want this repository to be a JDBC repository, consider annotating your entities with one of these annotations: org.springframework.data.relational.core.mapping.Table.
2021-04-12 15:02:31.062  INFO 13632 --- [restartedMain] .s.d.r.c.RepositoryConfigurationDelegate : Finished Spring Data repository scanning in 24 ms. Found 0 JDBC repository interfaces.
2021-04-12 15:02:31.071  INFO 13632 --- [restartedMain] .s.d.r.c.RepositoryConfigurationDelegate : Multiple Spring Data modules found, entering strict repository configuration mode!
2021-04-12 15:02:31.072  INFO 13632 --- [restartedMain] .s.d.r.c.RepositoryConfigurationDelegate : Bootstrapping Spring Data JPA repositories in DEFAULT mode.
2021-04-12 15:02:31.099  INFO 13632 --- [restartedMain] .s.d.r.c.RepositoryConfigurationDelegate : Finished Spring Data repository scanning in 23 ms. Found 1 JPA repository interfaces.
2021-04-12 15:02:31.650  INFO 13632 --- [restartedMain] o.s.b.w.embedded.tomcat.TomcatWebServer  : Tomcat initialized with port(s): 8080 (http)
2021-04-12 15:02:31.660  INFO 13632 --- [restartedMain] o.apache.catalina.core.StandardService   : Starting service [Tomcat]
2021-04-12 15:02:31.660  INFO 13632 --- [restartedMain] org.apache.catalina.core.StandardEngine  : Starting Servlet engine: [Apache Tomcat/9.0.44]
2021-04-12 15:02:31.743  INFO 13632 --- [restartedMain] o.a.c.c.C.[Tomcat].[localhost].[/]       : Initializing Spring embedded WebApplicationContext
2021-04-12 15:02:31.743  INFO 13632 --- [restartedMain] w.s.c.ServletWebServerApplicationContext : Root WebApplicationContext: initialization completed in 1291 ms
2021-04-12 15:02:31.783  INFO 13632 --- [restartedMain] com.zaxxer.hikari.HikariDataSource       : HikariPool-1 - Starting...
2021-04-12 15:02:31.970  INFO 13632 --- [restartedMain] com.zaxxer.hikari.HikariDataSource       : HikariPool-1 - Start completed.
2021-04-12 15:02:32.016  INFO 13632 --- [restartedMain] o.s.b.a.h2.H2ConsoleAutoConfiguration    : H2 console available at '/h2-console'. Database available at 'jdbc:h2:mem:cadpessoas'
2021-04-12 15:02:33.069  INFO 13632 --- [restartedMain] j.LocalContainerEntityManagerFactoryBean : Initialized JPA EntityManagerFactory for persistence unit 'default'
2021-04-12 15:02:33.101  INFO 13632 --- [restartedMain] o.s.b.d.a.OptionalLiveReloadServer       : LiveReload server is running on port 35729
2021-04-12 15:02:33.481  INFO 13632 --- [restartedMain] o.s.s.concurrent.ThreadPoolTaskExecutor  : Initializing ExecutorService 'applicationTaskExecutor'
2021-04-12 15:02:33.576  INFO 13632 --- [restartedMain] o.s.b.a.w.s.WelcomePageHandlerMapping    : Adding welcome page template: index
2021-04-12 15:02:33.819  INFO 13632 --- [restartedMain] o.s.b.w.embedded.tomcat.TomcatWebServer  : Tomcat started on port(s): 8080 (http) with context path ''
2021-04-12 15:02:33.828  INFO 13632 --- [restartedMain] b.c.a.c.CadpessoasAlenApplication        : Started CadpessoasAlenApplication in 3.809 seconds (JVM running for 4.662)
2021-04-12 15:02:46.519  INFO 13632 --- [http-nio-8080-exec-1] o.a.c.c.C.[Tomcat].[localhost].[/]       : Initializing Spring DispatcherServlet 'dispatcherServlet'
2021-04-12 15:02:46.520  INFO 13632 --- [http-nio-8080-exec-1] o.s.web.servlet.DispatcherServlet        : Initializing Servlet 'dispatcherServlet'
2021-04-12 15:02:46.521  INFO 13632 --- [http-nio-8080-exec-1] o.s.web.servlet.DispatcherServlet        : Completed initialization in 1 ms
2021-04-12 15:18:55.346  INFO 13632 --- [RMI TCP Connection(27)-127.0.0.1] inMXBeanRegistrar$SpringApplicationAdmin : Application shutdown requested.
2021-04-12 15:18:55.543  INFO 13632 --- [RMI TCP Connection(27)-127.0.0.1] o.s.s.concurrent.ThreadPoolTaskExecutor  : Shutting down ExecutorService 'applicationTaskExecutor'
2021-04-12 15:18:55.544  INFO 13632 --- [RMI TCP Connection(27)-127.0.0.1] j.LocalContainerEntityManagerFactoryBean : Closing JPA EntityManagerFactory for persistence unit 'default'
2021-04-12 15:18:55.759  WARN 13632 --- [RMI TCP Connection(27)-127.0.0.1] o.s.b.f.support.DisposableBeanAdapter    : Invocation of destroy method failed on bean with name 'inMemoryDatabaseShutdownExecutor': org.h2.jdbc.JdbcSQLNonTransientConnectionException: Database is already closed (to disable automatic closing at VM shutdown, add ";DB_CLOSE_ON_EXIT=FALSE" to the db URL) [90121-200]
2021-04-12 15:18:55.760  INFO 13632 --- [RMI TCP Connection(27)-127.0.0.1] com.zaxxer.hikari.HikariDataSource       : HikariPool-1 - Shutdown initiated...
2021-04-12 15:18:55.763  INFO 13632 --- [RMI TCP Connection(27)-127.0.0.1] com.zaxxer.hikari.HikariDataSource       : HikariPool-1 - Shutdown completed.
2021-04-12 15:19:21.519  INFO 17020 --- [restartedMain] b.c.a.c.CadpessoasAlenApplication        : Starting CadpessoasAlenApplication using Java 1.8.0_261 on DESKTOP-IHGTL6A with PID 17020 (C:\repo_git\pweb_2020.2_allenBruno\projetoPweb-2020.2\cadpessoas_alen\target\classes started by bruno in C:\repo_git\pweb_2020.2_allenBruno\projetoPweb-2020.2\cadpessoas_alen)
2021-04-12 15:19:21.521  INFO 17020 --- [restartedMain] b.c.a.c.CadpessoasAlenApplication        : No active profile set, falling back to default profiles: default
2021-04-12 15:19:21.572  INFO 17020 --- [restartedMain] .e.DevToolsPropertyDefaultsPostProcessor : Devtools property defaults active! Set 'spring.devtools.add-properties' to 'false' to disable
2021-04-12 15:19:21.573  INFO 17020 --- [restartedMain] .e.DevToolsPropertyDefaultsPostProcessor : For additional web related logging consider setting the 'logging.level.web' property to 'DEBUG'
2021-04-12 15:19:22.147  INFO 17020 --- [restartedMain] .s.d.r.c.RepositoryConfigurationDelegate : Multiple Spring Data modules found, entering strict repository configuration mode!
2021-04-12 15:19:22.149  INFO 17020 --- [restartedMain] .s.d.r.c.RepositoryConfigurationDelegate : Bootstrapping Spring Data JDBC repositories in DEFAULT mode.
2021-04-12 15:19:22.175  INFO 17020 --- [restartedMain] .RepositoryConfigurationExtensionSupport : Spring Data JDBC - Could not safely identify store assignment for repository candidate interface br.com.allen.cadpessoas.repositories.PessoaRepository. If you want this repository to be a JDBC repository, consider annotating your entities with one of these annotations: org.springframework.data.relational.core.mapping.Table.
2021-04-12 15:19:22.176  INFO 17020 --- [restartedMain] .s.d.r.c.RepositoryConfigurationDelegate : Finished Spring Data repository scanning in 24 ms. Found 0 JDBC repository interfaces.
2021-04-12 15:19:22.184  INFO 17020 --- [restartedMain] .s.d.r.c.RepositoryConfigurationDelegate : Multiple Spring Data modules found, entering strict repository configuration mode!
2021-04-12 15:19:22.185  INFO 17020 --- [restartedMain] .s.d.r.c.RepositoryConfigurationDelegate : Bootstrapping Spring Data JPA repositories in DEFAULT mode.
2021-04-12 15:19:22.212  INFO 17020 --- [restartedMain] .s.d.r.c.RepositoryConfigurationDelegate : Finished Spring Data repository scanning in 22 ms. Found 1 JPA repository interfaces.
2021-04-12 15:19:22.753  INFO 17020 --- [restartedMain] o.s.b.w.embedded.tomcat.TomcatWebServer  : Tomcat initialized with port(s): 8080 (http)
2021-04-12 15:19:22.764  INFO 17020 --- [restartedMain] o.apache.catalina.core.StandardService   : Starting service [Tomcat]
2021-04-12 15:19:22.764  INFO 17020 --- [restartedMain] org.apache.catalina.core.StandardEngine  : Starting Servlet engine: [Apache Tomcat/9.0.44]
2021-04-12 15:19:22.849  INFO 17020 --- [restartedMain] o.a.c.c.C.[Tomcat].[localhost].[/]       : Initializing Spring embedded WebApplicationContext
2021-04-12 15:19:22.849  INFO 17020 --- [restartedMain] w.s.c.ServletWebServerApplicationContext : Root WebApplicationContext: initialization completed in 1276 ms
2021-04-12 15:19:22.891  INFO 17020 --- [restartedMain] com.zaxxer.hikari.HikariDataSource       : HikariPool-1 - Starting...
2021-04-12 15:19:23.081  INFO 17020 --- [restartedMain] com.zaxxer.hikari.HikariDataSource       : HikariPool-1 - Start completed.
2021-04-12 15:19:23.126  INFO 17020 --- [restartedMain] o.s.b.a.h2.H2ConsoleAutoConfiguration    : H2 console available at '/h2-console'. Database available at 'jdbc:h2:mem:cadpessoas'
2021-04-12 15:19:24.186  INFO 17020 --- [restartedMain] j.LocalContainerEntityManagerFactoryBean : Initialized JPA EntityManagerFactory for persistence unit 'default'
2021-04-12 15:19:24.221  INFO 17020 --- [restartedMain] o.s.b.d.a.OptionalLiveReloadServer       : LiveReload server is running on port 35729
2021-04-12 15:19:24.595  INFO 17020 --- [restartedMain] o.s.s.concurrent.ThreadPoolTaskExecutor  : Initializing ExecutorService 'applicationTaskExecutor'
2021-04-12 15:19:24.686  INFO 17020 --- [restartedMain] o.s.b.a.w.s.WelcomePageHandlerMapping    : Adding welcome page template: index
2021-04-12 15:19:24.933  INFO 17020 --- [restartedMain] o.s.b.w.embedded.tomcat.TomcatWebServer  : Tomcat started on port(s): 8080 (http) with context path ''
2021-04-12 15:19:24.942  INFO 17020 --- [restartedMain] b.c.a.c.CadpessoasAlenApplication        : Started CadpessoasAlenApplication in 3.793 seconds (JVM running for 4.639)
2021-04-12 15:19:34.356  INFO 17020 --- [http-nio-8080-exec-1] o.a.c.c.C.[Tomcat].[localhost].[/]       : Initializing Spring DispatcherServlet 'dispatcherServlet'
2021-04-12 15:19:34.356  INFO 17020 --- [http-nio-8080-exec-1] o.s.web.servlet.DispatcherServlet        : Initializing Servlet 'dispatcherServlet'
2021-04-12 15:19:34.357  INFO 17020 --- [http-nio-8080-exec-1] o.s.web.servlet.DispatcherServlet        : Completed initialization in 1 ms
2021-04-12 15:20:18.042  INFO 17020 --- [RMI TCP Connection(10)-127.0.0.1] inMXBeanRegistrar$SpringApplicationAdmin : Application shutdown requested.
2021-04-12 15:20:18.243  INFO 17020 --- [RMI TCP Connection(10)-127.0.0.1] o.s.s.concurrent.ThreadPoolTaskExecutor  : Shutting down ExecutorService 'applicationTaskExecutor'
2021-04-12 15:20:18.243  INFO 17020 --- [RMI TCP Connection(10)-127.0.0.1] j.LocalContainerEntityManagerFactoryBean : Closing JPA EntityManagerFactory for persistence unit 'default'
2021-04-12 15:20:18.453  WARN 17020 --- [RMI TCP Connection(10)-127.0.0.1] o.s.b.f.support.DisposableBeanAdapter    : Invocation of destroy method failed on bean with name 'inMemoryDatabaseShutdownExecutor': org.h2.jdbc.JdbcSQLNonTransientConnectionException: Database is already closed (to disable automatic closing at VM shutdown, add ";DB_CLOSE_ON_EXIT=FALSE" to the db URL) [90121-200]
2021-04-12 15:20:18.454  INFO 17020 --- [RMI TCP Connection(10)-127.0.0.1] com.zaxxer.hikari.HikariDataSource       : HikariPool-1 - Shutdown initiated...
2021-04-12 15:20:18.458  INFO 17020 --- [RMI TCP Connection(10)-127.0.0.1] com.zaxxer.hikari.HikariDataSource       : HikariPool-1 - Shutdown completed.
2021-04-12 15:23:53.374  INFO 10388 --- [restartedMain] b.c.a.c.CadpessoasAlenApplication        : Starting CadpessoasAlenApplication using Java 1.8.0_261 on DESKTOP-IHGTL6A with PID 10388 (C:\repo_git\pweb_2020.2_allenBruno\projetoPweb-2020.2\cadpessoas_alen\target\classes started by bruno in C:\repo_git\pweb_2020.2_allenBruno\projetoPweb-2020.2\cadpessoas_alen)
2021-04-12 15:23:53.376  INFO 10388 --- [restartedMain] b.c.a.c.CadpessoasAlenApplication        : No active profile set, falling back to default profiles: default
2021-04-12 15:23:53.427  INFO 10388 --- [restartedMain] .e.DevToolsPropertyDefaultsPostProcessor : Devtools property defaults active! Set 'spring.devtools.add-properties' to 'false' to disable
2021-04-12 15:23:53.427  INFO 10388 --- [restartedMain] .e.DevToolsPropertyDefaultsPostProcessor : For additional web related logging consider setting the 'logging.level.web' property to 'DEBUG'
2021-04-12 15:23:53.995  INFO 10388 --- [restartedMain] .s.d.r.c.RepositoryConfigurationDelegate : Multiple Spring Data modules found, entering strict repository configuration mode!
2021-04-12 15:23:53.996  INFO 10388 --- [restartedMain] .s.d.r.c.RepositoryConfigurationDelegate : Bootstrapping Spring Data JDBC repositories in DEFAULT mode.
2021-04-12 15:23:54.023  INFO 10388 --- [restartedMain] .RepositoryConfigurationExtensionSupport : Spring Data JDBC - Could not safely identify store assignment for repository candidate interface br.com.allen.cadpessoas.repositories.PessoaRepository. If you want this repository to be a JDBC repository, consider annotating your entities with one of these annotations: org.springframework.data.relational.core.mapping.Table.
2021-04-12 15:23:54.023  INFO 10388 --- [restartedMain] .s.d.r.c.RepositoryConfigurationDelegate : Finished Spring Data repository scanning in 23 ms. Found 0 JDBC repository interfaces.
2021-04-12 15:23:54.031  INFO 10388 --- [restartedMain] .s.d.r.c.RepositoryConfigurationDelegate : Multiple Spring Data modules found, entering strict repository configuration mode!
2021-04-12 15:23:54.032  INFO 10388 --- [restartedMain] .s.d.r.c.RepositoryConfigurationDelegate : Bootstrapping Spring Data JPA repositories in DEFAULT mode.
2021-04-12 15:23:54.059  INFO 10388 --- [restartedMain] .s.d.r.c.RepositoryConfigurationDelegate : Finished Spring Data repository scanning in 22 ms. Found 1 JPA repository interfaces.
2021-04-12 15:23:54.605  INFO 10388 --- [restartedMain] o.s.b.w.embedded.tomcat.TomcatWebServer  : Tomcat initialized with port(s): 8080 (http)
2021-04-12 15:23:54.616  INFO 10388 --- [restartedMain] o.apache.catalina.core.StandardService   : Starting service [Tomcat]
2021-04-12 15:23:54.616  INFO 10388 --- [restartedMain] org.apache.catalina.core.StandardEngine  : Starting Servlet engine: [Apache Tomcat/9.0.44]
2021-04-12 15:23:54.699  INFO 10388 --- [restartedMain] o.a.c.c.C.[Tomcat].[localhost].[/]       : Initializing Spring embedded WebApplicationContext
2021-04-12 15:23:54.699  INFO 10388 --- [restartedMain] w.s.c.ServletWebServerApplicationContext : Root WebApplicationContext: initialization completed in 1271 ms
2021-04-12 15:23:54.739  INFO 10388 --- [restartedMain] com.zaxxer.hikari.HikariDataSource       : HikariPool-1 - Starting...
2021-04-12 15:23:54.930  INFO 10388 --- [restartedMain] com.zaxxer.hikari.HikariDataSource       : HikariPool-1 - Start completed.
2021-04-12 15:23:54.976  INFO 10388 --- [restartedMain] o.s.b.a.h2.H2ConsoleAutoConfiguration    : H2 console available at '/h2-console'. Database available at 'jdbc:h2:mem:cadpessoas'
2021-04-12 15:23:56.020  INFO 10388 --- [restartedMain] j.LocalContainerEntityManagerFactoryBean : Initialized JPA EntityManagerFactory for persistence unit 'default'
2021-04-12 15:23:56.052  INFO 10388 --- [restartedMain] o.s.b.d.a.OptionalLiveReloadServer       : LiveReload server is running on port 35729
2021-04-12 15:23:56.426  INFO 10388 --- [restartedMain] o.s.s.concurrent.ThreadPoolTaskExecutor  : Initializing ExecutorService 'applicationTaskExecutor'
2021-04-12 15:23:56.517  INFO 10388 --- [restartedMain] o.s.b.a.w.s.WelcomePageHandlerMapping    : Adding welcome page template: index
2021-04-12 15:23:56.762  INFO 10388 --- [restartedMain] o.s.b.w.embedded.tomcat.TomcatWebServer  : Tomcat started on port(s): 8080 (http) with context path ''
2021-04-12 15:23:56.770  INFO 10388 --- [restartedMain] b.c.a.c.CadpessoasAlenApplication        : Started CadpessoasAlenApplication in 3.761 seconds (JVM running for 4.582)
2021-04-12 15:24:17.220  INFO 10388 --- [http-nio-8080-exec-1] o.a.c.c.C.[Tomcat].[localhost].[/]       : Initializing Spring DispatcherServlet 'dispatcherServlet'
2021-04-12 15:24:17.221  INFO 10388 --- [http-nio-8080-exec-1] o.s.web.servlet.DispatcherServlet        : Initializing Servlet 'dispatcherServlet'
2021-04-12 15:24:17.222  INFO 10388 --- [http-nio-8080-exec-1] o.s.web.servlet.DispatcherServlet        : Completed initialization in 1 ms
2021-04-12 15:25:56.281  INFO 10388 --- [RMI TCP Connection(10)-127.0.0.1] inMXBeanRegistrar$SpringApplicationAdmin : Application shutdown requested.
2021-04-12 15:25:56.479  INFO 10388 --- [RMI TCP Connection(10)-127.0.0.1] o.s.s.concurrent.ThreadPoolTaskExecutor  : Shutting down ExecutorService 'applicationTaskExecutor'
2021-04-12 15:25:56.480  INFO 10388 --- [RMI TCP Connection(10)-127.0.0.1] j.LocalContainerEntityManagerFactoryBean : Closing JPA EntityManagerFactory for persistence unit 'default'
2021-04-12 15:25:56.689  WARN 10388 --- [RMI TCP Connection(10)-127.0.0.1] o.s.b.f.support.DisposableBeanAdapter    : Invocation of destroy method failed on bean with name 'inMemoryDatabaseShutdownExecutor': org.h2.jdbc.JdbcSQLNonTransientConnectionException: Database is already closed (to disable automatic closing at VM shutdown, add ";DB_CLOSE_ON_EXIT=FALSE" to the db URL) [90121-200]
2021-04-12 15:25:56.690  INFO 10388 --- [RMI TCP Connection(10)-127.0.0.1] com.zaxxer.hikari.HikariDataSource       : HikariPool-1 - Shutdown initiated...
2021-04-12 15:25:56.693  INFO 10388 --- [RMI TCP Connection(10)-127.0.0.1] com.zaxxer.hikari.HikariDataSource       : HikariPool-1 - Shutdown completed.
